\BOOKMARK [1][-]{section.1}{\376\377\0001\000.\000\040\225\356\230\230\221\315\217\360}{}% 1
\BOOKMARK [2][-]{subsection.1.1}{\376\377\0001\000.\0001\000\040\137\025\212\000}{section.1}% 2
\BOOKMARK [2][-]{subsection.1.2}{\376\377\0001\000.\0002\000\040\225\356\230\230\166\204\143\320\121\372}{section.1}% 3
\BOOKMARK [3][-]{subsubsection.1.2.1}{\376\377\0001\000.\0002\000.\0001\000\040\225\356\230\230\166\204\143\320\121\372\121\205\133\271\116\000}{subsection.1.2}% 4
\BOOKMARK [1][-]{section.2}{\376\377\0002\000.\000\040\152\041\127\213\166\204\120\107\213\276}{}% 5
\BOOKMARK [1][-]{section.3}{\376\377\0003\000.\000\040\173\046\123\367\213\364\146\016}{}% 6
\BOOKMARK [1][-]{section.4}{\376\377\0004\000.\000\040\225\356\230\230\122\006\147\220}{}% 7
\BOOKMARK [2][-]{subsection.4.1}{\376\377\0004\000.\0001\000\040\225\356\230\230\116\000\122\006\147\220}{section.4}% 8
\BOOKMARK [2][-]{subsection.4.2}{\376\377\0004\000.\0002\000\040\225\356\230\230\116\214\122\006\147\220}{section.4}% 9
\BOOKMARK [2][-]{subsection.4.3}{\376\377\0004\000.\0003\000\040\225\356\230\230\116\011\122\006\147\220}{section.4}% 10
\BOOKMARK [1][-]{section.5}{\376\377\0005\000.\000\040\152\041\127\213\166\204\136\372\172\313\116\016\154\102\211\343}{}% 11
\BOOKMARK [2][-]{subsection.5.1}{\376\377\0005\000.\0001\000\040\147\000\134\017\123\026\166\173\147\072\123\343\145\160\221\317\152\041\127\213}{section.5}% 12
\BOOKMARK [3][-]{subsubsection.5.1.1}{\376\377\0005\000.\0001\000.\0001\000\040\122\250\140\001\211\304\122\022\140\035\140\363\166\204\217\320\173\171\133\146\152\041\127\213}{subsection.5.1}% 13
\BOOKMARK [3][-]{subsubsection.5.1.2}{\376\377\0005\000.\0001\000.\0002\000\040\136\046\147\103\120\074\166\204\215\052\137\303\173\227\154\325\152\041\127\213}{subsection.5.1}% 14
\BOOKMARK [2][-]{subsection.5.2}{\376\377\0005\000.\0002\000\040\173\054\116\214\225\356\145\160\133\146\152\041\127\213}{section.5}% 15
\BOOKMARK [2][-]{subsection.5.3}{\376\377\0005\000.\0003\000\040\173\054\116\011\225\356\145\160\133\146\152\041\127\213}{section.5}% 16
\BOOKMARK [2][-]{subsection.5.4}{\376\377\0005\000.\0004\000\040\133\371\145\160\143\156\136\224\165\050\152\041\127\213\136\166\154\102\211\343}{section.5}% 17
\BOOKMARK [3][-]{subsubsection.5.4.1}{\376\377\0005\000.\0004\000.\0001\000\040\123\125\162\354\200\003\206\121\147\000\134\017\123\026\166\173\147\072\123\343\145\160\221\317\166\204\154\102\211\343}{subsection.5.4}% 18
\BOOKMARK [2][-]{subsection.5.5}{\376\377\0005\000.\0005\000\040\200\003\206\121\116\055\217\154\145\305\133\242\147\000\167\355\155\101\172\013\145\366\225\364\166\204\154\102\211\343}{section.5}% 19
\BOOKMARK [2][-]{subsection.5.6}{\376\377\0005\000.\0006\000\040\200\003\206\121\116\055\217\154\145\305\133\242\166\204\143\142\116\130\145\366\225\364\166\204\154\102\211\343}{section.5}% 20
\BOOKMARK [1][-]{section.6}{\376\377\0006\000.\000\040\152\041\127\213\166\204\213\304\116\367}{}% 21
\BOOKMARK [2][-]{subsection.6.1}{\376\377\0006\000.\0001\000\040\152\041\127\213\166\204\117\030\160\271}{section.6}% 22
\BOOKMARK [2][-]{subsection.6.2}{\376\377\0006\000.\0002\000\040\152\041\127\213\166\204\177\072\160\271}{section.6}% 23
\BOOKMARK [2][-]{subsection.6.3}{\376\377\0006\000.\0003\000\040\152\041\127\213\166\204\145\071\217\333}{section.6}% 24
\BOOKMARK [2][-]{subsection.6.4}{\376\377\0006\000.\0004\000\040\152\041\127\213\166\204\143\250\136\177}{section.6}% 25
\BOOKMARK [1][-]{section.1}{\376\377\226\104\137\125\000A\000\040\142\021\166\204\000\040\000M\000A\000T\000L\000A\000B\000\040\156\220\172\013\136\217}{}% 26
